<?xml version="1.0" encoding="UTF-8"?>
<!-- Generated by org.testng.reporters.JUnitReportReporter -->
<testsuite hostname="Manoj-Yadav" failures="0" tests="1" name="com.project.staragile.Testngmedical" time="47.253" errors="0" timestamp="2023-11-21T14:10:59 IST" skipped="0">
  <testcase classname="com.project.staragile.Testngmedical" name="verifyPageContent" time="47.253"/>
  <system-out/>
</testsuite> <!-- com.project.staragile.Testngmedical -->
